[ 2017-06-09T09:45:57+08:00 ] ::1 /shop/index.php/home/Public/style.css
ERR: 无法加载控制器:Public

[ 2017-06-09T09:45:57+08:00 ] ::1 /shop/index.php/home/Public/jquery-1.7.min.js
ERR: 无法加载控制器:Public

[ 2017-06-09T09:46:38+08:00 ] ::1 /shop/index.php/home/Public/style.css
ERR: 无法加载控制器:Public

[ 2017-06-09T09:46:38+08:00 ] ::1 /shop/index.php/home/user/_PUBLIC_jquery-1.7.min.js
ERR: 非法操作:_public_jquery-1.7.min.js

[ 2017-06-09T09:46:48+08:00 ] ::1 /shop/index.php/home/user/_PUBLIC_/jquery-1.7.min.js
ERR: 非法操作:_public_

[ 2017-06-09T09:46:48+08:00 ] ::1 /shop/index.php/home/Public/style.css
ERR: 无法加载控制器:Public

[ 2017-06-09T09:47:21+08:00 ] ::1 /shop/index.php/home/Public/style.css
ERR: 无法加载控制器:Public

[ 2017-06-09T09:47:48+08:00 ] ::1 /shop/index.php/home/Public/style.css
ERR: 无法加载控制器:Public

[ 2017-06-09T10:16:27+08:00 ] ::1 /shop/index.php/home/user/register.html
ERR: 无法加载数据库驱动: Think\Db\Driver\

[ 2017-06-09T10:16:47+08:00 ] ::1 /shop/index.php/home/user/register.html
ERR: 无法加载数据库驱动: Think\Db\Driver\

[ 2017-06-09T10:23:12+08:00 ] ::1 /shop/index.php/home/user/register.html
ERR: 无法加载数据库驱动: Think\Db\Driver\

[ 2017-06-09T10:23:20+08:00 ] ::1 /shop/index.php/home/user/register.html
ERR: 无法加载数据库驱动: Think\Db\Driver\

[ 2017-06-09T10:23:51+08:00 ] ::1 /shop/index.php/home/user/register.html
ERR: 无法加载数据库驱动: Think\Db\Driver\

[ 2017-06-09T10:24:51+08:00 ] ::1 /shop/index.php/home/user/register.html
ERR: 无法加载数据库驱动: Think\Db\Driver\

[ 2017-06-09T10:25:43+08:00 ] ::1 /shop/index.php/home/user/register.html
ERR: 无法加载数据库驱动: Think\Db\Driver\

[ 2017-06-09T10:32:34+08:00 ] ::1 /shop/index.php/Home/User/register.html
ERR: 1062:Duplicate entry 'kqs' for key 'username'
 [ SQL语句 ] : INSERT INTO `user` (`username`,`password`,`level`) VALUES ('kqs','555389','0')

[ 2017-06-09T10:38:02+08:00 ] ::1 /shop/index.php/Home/User/register.html
ERR: 1054:Unknown column 'kqs' in 'where clause'
 [ SQL语句 ] : SELECT * FROM `user` WHERE ( username=kqs ) 

[ 2017-06-09T10:43:30+08:00 ] ::1 /shop/index.php/Home/User/register.html
ERR: 1062:Duplicate entry 'kqs1' for key 'username'
 [ SQL语句 ] : INSERT INTO `user` (`username`,`password`,`level`) VALUES ('kqs1','555389','0')

[ 2017-06-09T10:44:11+08:00 ] ::1 /shop/index.php/Home/User/register.html
ERR: 1062:Duplicate entry 'kqs1' for key 'username'
 [ SQL语句 ] : INSERT INTO `user` (`username`,`password`,`level`) VALUES ('kqs1','asdsd','0')

[ 2017-06-09T10:44:52+08:00 ] ::1 /shop/index.php/Home/User/register.html
ERR: 1062:Duplicate entry 'kqs' for key 'username'
 [ SQL语句 ] : INSERT INTO `user` (`username`,`password`,`level`) VALUES ('kqs','555389','0')

[ 2017-06-09T10:47:13+08:00 ] ::1 /shop/index.php/Home/User/register.html
ERR: 1054:Unknown column 'kqs' in 'where clause'
 [ SQL语句 ] : SELECT `password` FROM `user` WHERE ( username=kqs ) LIMIT 1  

[ 2017-06-09T11:57:24+08:00 ] ::1 /shop/index.php/Home/User/login.html
ERR: 模板不存在:./ShopApp/Home/View/Admin/User/home.html

[ 2017-06-09T11:59:01+08:00 ] ::1 /shop/index.php/Home/User/login.html
ERR: 模板不存在:./ShopApp/Home/View//shop/index.php/Admin/User/home.html.html

[ 2017-06-09T12:04:11+08:00 ] ::1 /shop/index.php/Home/User/login.html
ERR: 模板不存在:./ShopApp/Home/View/Admin/User/home.html

[ 2017-06-09T12:04:47+08:00 ] ::1 /shop/index.php/Home/User/login.html
ERR: 模板不存在:./ShopApp/Home/View//shop/index.php/Admin/User/home.html.html

[ 2017-06-09T16:06:22+08:00 ] ::1 /shop/index.php/Home/User/codes.html
ERR: 非法操作:codes

[ 2017-06-09T16:06:46+08:00 ] ::1 /shop/index.php/Home/User/codes.html?
ERR: 非法操作:codes

[ 2017-06-09T16:46:56+08:00 ] ::1 /shop/index.php/Home/User/lhome
ERR: 非法操作:lhome

