[ 2017-06-09T15:21:34+08:00 ] ::1 /shop/index.php/Admin/User/login.html
ERR: 非法操作:login

[ 2017-06-09T15:22:05+08:00 ] ::1 /shop/index.php/Admin/User/login.html
ERR: 非法操作:login

[ 2017-06-09T15:22:08+08:00 ] ::1 /shop/index.php/Admin/User/login.html
ERR: 非法操作:login

[ 2017-06-09T15:39:15+08:00 ] ::1 /shop/index.php/admin/user/__Public__/css/pintuer.css
ERR: 非法操作:__Public__

[ 2017-06-09T15:39:15+08:00 ] ::1 /shop/index.php/admin/user/js/laydate/laydate.js
ERR: 非法操作:js

[ 2017-06-09T15:39:15+08:00 ] ::1 /shop/index.php/admin/user/__Public__/js/pintuer.js
ERR: 非法操作:__Public__

[ 2017-06-09T15:39:15+08:00 ] ::1 /shop/index.php/admin/user/__Public__/js/jquery.js
ERR: 非法操作:__Public__

[ 2017-06-09T15:39:15+08:00 ] ::1 /shop/index.php/admin/user/__Public__/css/admin.css
ERR: 非法操作:__Public__

[ 2017-06-09T15:39:15+08:00 ] ::1 /shop/index.php/admin/user/__Public__/js/pintuer.js
ERR: 非法操作:__Public__

[ 2017-06-09T15:39:15+08:00 ] ::1 /shop/index.php/admin/user/js/laydate/laydate.js
ERR: 非法操作:js

[ 2017-06-09T15:39:19+08:00 ] ::1 /shop/index.php/admin/user/__Public__/css/pintuer.css
ERR: 非法操作:__Public__

[ 2017-06-09T15:39:19+08:00 ] ::1 /shop/index.php/admin/user/__Public__/css/admin.css
ERR: 非法操作:__Public__

[ 2017-06-09T15:40:38+08:00 ] ::1 /shop/index.php/admin/user/js/laydate/laydate.js
ERR: 非法操作:js

[ 2017-06-09T15:40:38+08:00 ] ::1 /shop/index.php/admin/user/js/laydate/laydate.js
ERR: 非法操作:js

[ 2017-06-09T15:41:01+08:00 ] ::1 /shop/index.php/admin/user/js/laydate/laydate.js
ERR: 非法操作:js

[ 2017-06-09T15:42:17+08:00 ] ::1 /shop/index.php/admin/user/css/admin.css
ERR: 非法操作:css

[ 2017-06-09T15:42:17+08:00 ] ::1 /shop/index.php/admin/user/css/pintuer.css
ERR: 非法操作:css

[ 2017-06-09T15:42:17+08:00 ] ::1 /shop/index.php/admin/user/js/jquery.js
ERR: 非法操作:js

[ 2017-06-09T15:42:17+08:00 ] ::1 /shop/index.php/admin/user/js/pintuer.js
ERR: 非法操作:js

[ 2017-06-09T15:47:03+08:00 ] ::1 /shop/index.php/admin/user/js/jquery.js
ERR: 非法操作:js

[ 2017-06-09T15:47:03+08:00 ] ::1 /shop/index.php/admin/user/css/pintuer.css
ERR: 非法操作:css

[ 2017-06-09T15:47:03+08:00 ] ::1 /shop/index.php/admin/user/js/pintuer.js
ERR: 非法操作:js

[ 2017-06-09T15:47:03+08:00 ] ::1 /shop/index.php/admin/user/css/admin.css
ERR: 非法操作:css

[ 2017-06-09T15:47:03+08:00 ] ::1 /shop/index.php/admin/user/js/pintuer.js
ERR: 非法操作:js

[ 2017-06-09T15:47:10+08:00 ] ::1 /shop/index.php/admin/user/css/pintuer.css
ERR: 非法操作:css

[ 2017-06-09T15:47:10+08:00 ] ::1 /shop/index.php/admin/user/css/admin.css
ERR: 非法操作:css

[ 2017-06-09T15:48:38+08:00 ] ::1 /shop/index.php/admin/user/js/laydate/laydate.js
ERR: 非法操作:js

[ 2017-06-09T15:48:38+08:00 ] ::1 /shop/index.php/admin/user/js/laydate/laydate.js
ERR: 非法操作:js

[ 2017-06-09T15:52:35+08:00 ] ::1 /shop/index.php/admin/user/js/laydate/laydate.js
ERR: 非法操作:js

[ 2017-06-09T15:56:17+08:00 ] ::1 /shop/index.php/admin/user/js/laydate/laydate.js
ERR: 非法操作:js

[ 2017-06-09T17:38:03+08:00 ] ::1 /shop/index.php/Admin/Index/info.html
ERR: 非法操作:info

[ 2017-06-09T17:38:24+08:00 ] ::1 /shop/index.php/Admin/Index/info.html
ERR: 非法操作:info

