[ 2017-06-09T09:39:27+08:00 ] ::1 /shop/index.php/User/login
ERR: 无法加载模块:User

[ 2017-06-09T09:41:37+08:00 ] ::1 /shop/index.php/User/login
ERR: 无法加载模块:User

[ 2017-06-09T09:42:04+08:00 ] ::1 /shop/index.php/User/login
ERR: 无法加载模块:User

[ 2017-06-09T09:42:06+08:00 ] ::1 /shop/index.php/User/login
ERR: 无法加载模块:User

[ 2017-06-09T09:42:27+08:00 ] ::1 /shop/index.php/user/loggin
ERR: 无法加载模块:User

[ 2017-06-09T09:42:57+08:00 ] ::1 /shop/index.php/user/loggin
ERR: 无法加载模块:User

[ 2017-06-09T09:42:58+08:00 ] ::1 /shop/index.php/user/loggin
ERR: 无法加载模块:User

[ 2017-06-09T09:43:37+08:00 ] ::1 /shop/index.php/user/loggin
ERR: 无法加载模块:User

[ 2017-06-09T09:43:38+08:00 ] ::1 /shop/index.php/user/loggin
ERR: 无法加载模块:User

[ 2017-06-09T09:43:47+08:00 ] ::1 /shop/index.php/user/login
ERR: 无法加载模块:User

[ 2017-06-09T09:43:50+08:00 ] ::1 /shop/index.php/user/login
ERR: 无法加载模块:User

[ 2017-06-09T09:44:16+08:00 ] ::1 /shop/index.php/Public/style.css
ERR: 无法加载模块:Public

[ 2017-06-09T09:44:16+08:00 ] ::1 /shop/index.php/Public/jquery-1.7.min.js
ERR: 无法加载模块:Public

[ 2017-06-09T09:44:19+08:00 ] ::1 /shop/index.php/Public/jquery-1.7.min.js
ERR: 无法加载模块:Public

[ 2017-06-09T09:44:19+08:00 ] ::1 /shop/index.php/Public/style.css
ERR: 无法加载模块:Public

[ 2017-06-09T09:45:20+08:00 ] ::1 /shop/index.php/Public/jquery-1.7.min.js
ERR: 无法加载模块:Public

[ 2017-06-09T09:45:20+08:00 ] ::1 /shop/index.php/Public/style.css
ERR: 无法加载模块:Public

[ 2017-06-09T09:45:21+08:00 ] ::1 /shop/index.php/Public/style.css
ERR: 无法加载模块:Public

[ 2017-06-09T09:45:21+08:00 ] ::1 /shop/index.php/Public/jquery-1.7.min.js
ERR: 无法加载模块:Public

[ 2017-06-09T09:45:23+08:00 ] ::1 /shop/index.php/Public/style.css
ERR: 无法加载模块:Public

[ 2017-06-09T09:45:32+08:00 ] ::1 /shop/index.php/Public/style.css
ERR: 无法加载模块:Public

[ 2017-06-09T09:45:32+08:00 ] ::1 /shop/index.php/Public/jquery-1.7.min.js
ERR: 无法加载模块:Public

[ 2017-06-09T09:45:33+08:00 ] ::1 /shop/index.php/Public/jquery-1.7.min.js
ERR: 无法加载模块:Public

[ 2017-06-09T09:45:33+08:00 ] ::1 /shop/index.php/Public/style.css
ERR: 无法加载模块:Public

